<!DOCTYPE html>
<html>
  <head>
    <meta charset="utf-8"/>
    <title>Test Report</title>
    <link href="assets/style.css" rel="stylesheet" type="text/css"/></head>
  <body onLoad="init()">
    <script>/* This Source Code Form is subject to the terms of the Mozilla Public
 * License, v. 2.0. If a copy of the MPL was not distributed with this file,
 * You can obtain one at http://mozilla.org/MPL/2.0/. */


function toArray(iter) {
    if (iter === null) {
        return null;
    }
    return Array.prototype.slice.call(iter);
}

function find(selector, elem) {
    if (!elem) {
        elem = document;
    }
    return elem.querySelector(selector);
}

function find_all(selector, elem) {
    if (!elem) {
        elem = document;
    }
    return toArray(elem.querySelectorAll(selector));
}

function sort_column(elem) {
    toggle_sort_states(elem);
    var colIndex = toArray(elem.parentNode.childNodes).indexOf(elem);
    var key;
    if (elem.classList.contains('numeric')) {
        key = key_num;
    } else if (elem.classList.contains('result')) {
        key = key_result;
    } else {
        key = key_alpha;
    }
    sort_table(elem, key(colIndex));
}

function show_all_extras() {
    find_all('.col-result').forEach(show_extras);
}

function hide_all_extras() {
    find_all('.col-result').forEach(hide_extras);
}

function show_extras(colresult_elem) {
    var extras = colresult_elem.parentNode.nextElementSibling;
    var expandcollapse = colresult_elem.firstElementChild;
    extras.classList.remove("collapsed");
    expandcollapse.classList.remove("expander");
    expandcollapse.classList.add("collapser");
}

function hide_extras(colresult_elem) {
    var extras = colresult_elem.parentNode.nextElementSibling;
    var expandcollapse = colresult_elem.firstElementChild;
    extras.classList.add("collapsed");
    expandcollapse.classList.remove("collapser");
    expandcollapse.classList.add("expander");
}

function show_filters() {
    var filter_items = document.getElementsByClassName('filter');
    for (var i = 0; i < filter_items.length; i++)
        filter_items[i].hidden = false;
}

function add_collapse() {
    // Add links for show/hide all
    var resulttable = find('table#results-table');
    var showhideall = document.createElement("p");
    showhideall.innerHTML = '<a href="javascript:show_all_extras()">Show all details</a> / ' +
                            '<a href="javascript:hide_all_extras()">Hide all details</a>';
    resulttable.parentElement.insertBefore(showhideall, resulttable);

    // Add show/hide link to each result
    find_all('.col-result').forEach(function(elem) {
        var collapsed = get_query_parameter('collapsed') || 'Passed';
        var extras = elem.parentNode.nextElementSibling;
        var expandcollapse = document.createElement("span");
        if (collapsed.includes(elem.innerHTML)) {
            extras.classList.add("collapsed");
            expandcollapse.classList.add("expander");
        } else {
            expandcollapse.classList.add("collapser");
        }
        elem.appendChild(expandcollapse);

        elem.addEventListener("click", function(event) {
            if (event.currentTarget.parentNode.nextElementSibling.classList.contains("collapsed")) {
                show_extras(event.currentTarget);
            } else {
                hide_extras(event.currentTarget);
            }
        });
    })
}

function get_query_parameter(name) {
    var match = RegExp('[?&]' + name + '=([^&]*)').exec(window.location.search);
    return match && decodeURIComponent(match[1].replace(/\+/g, ' '));
}

function init () {
    reset_sort_headers();

    add_collapse();

    show_filters();

    sort_column(find('.initial-sort'));

    find_all('.sortable').forEach(function(elem) {
        elem.addEventListener("click",
                              function(event) {
                                  sort_column(elem);
                              }, false)
    });

};

function sort_table(clicked, key_func) {
    var rows = find_all('.results-table-row');
    var reversed = !clicked.classList.contains('asc');
    var sorted_rows = sort(rows, key_func, reversed);
    /* Whole table is removed here because browsers acts much slower
     * when appending existing elements.
     */
    var thead = document.getElementById("results-table-head");
    document.getElementById('results-table').remove();
    var parent = document.createElement("table");
    parent.id = "results-table";
    parent.appendChild(thead);
    sorted_rows.forEach(function(elem) {
        parent.appendChild(elem);
    });
    document.getElementsByTagName("BODY")[0].appendChild(parent);
}

function sort(items, key_func, reversed) {
    var sort_array = items.map(function(item, i) {
        return [key_func(item), i];
    });

    sort_array.sort(function(a, b) {
        var key_a = a[0];
        var key_b = b[0];

        if (key_a == key_b) return 0;

        if (reversed) {
            return (key_a < key_b ? 1 : -1);
        } else {
            return (key_a > key_b ? 1 : -1);
        }
    });

    return sort_array.map(function(item) {
        var index = item[1];
        return items[index];
    });
}

function key_alpha(col_index) {
    return function(elem) {
        return elem.childNodes[1].childNodes[col_index].firstChild.data.toLowerCase();
    };
}

function key_num(col_index) {
    return function(elem) {
        return parseFloat(elem.childNodes[1].childNodes[col_index].firstChild.data);
    };
}

function key_result(col_index) {
    return function(elem) {
        var strings = ['Error', 'Failed', 'Rerun', 'XFailed', 'XPassed',
                       'Skipped', 'Passed'];
        return strings.indexOf(elem.childNodes[1].childNodes[col_index].firstChild.data);
    };
}

function reset_sort_headers() {
    find_all('.sort-icon').forEach(function(elem) {
        elem.parentNode.removeChild(elem);
    });
    find_all('.sortable').forEach(function(elem) {
        var icon = document.createElement("div");
        icon.className = "sort-icon";
        icon.textContent = "vvv";
        elem.insertBefore(icon, elem.firstChild);
        elem.classList.remove("desc", "active");
        elem.classList.add("asc", "inactive");
    });
}

function toggle_sort_states(elem) {
    //if active, toggle between asc and desc
    if (elem.classList.contains('active')) {
        elem.classList.toggle('asc');
        elem.classList.toggle('desc');
    }

    //if inactive, reset all other functions and add ascending active
    if (elem.classList.contains('inactive')) {
        reset_sort_headers();
        elem.classList.remove('inactive');
        elem.classList.add('active');
    }
}

function is_all_rows_hidden(value) {
  return value.hidden == false;
}

function filter_table(elem) {
    var outcome_att = "data-test-result";
    var outcome = elem.getAttribute(outcome_att);
    class_outcome = outcome + " results-table-row";
    var outcome_rows = document.getElementsByClassName(class_outcome);

    for(var i = 0; i < outcome_rows.length; i++){
        outcome_rows[i].hidden = !elem.checked;
    }

    var rows = find_all('.results-table-row').filter(is_all_rows_hidden);
    var all_rows_hidden = rows.length == 0 ? true : false;
    var not_found_message = document.getElementById("not-found-message");
    not_found_message.hidden = !all_rows_hidden;
}
</script>
    <h1>report.html</h1>
    <p>Report generated on 04-Apr-2024 at 20:14:42 by <a href="https://pypi.python.org/pypi/pytest-html">pytest-html</a> v2.0.1</p>
    <h2>Summary</h2>
    <p>6 tests ran in 95.02 seconds. </p>
    <p class="filter" hidden="true">(Un)check the boxes to filter the results.</p><input checked="true" class="filter" data-test-result="passed" hidden="true" name="filter_checkbox" onChange="filter_table(this)" type="checkbox"/><span class="passed">2 passed</span>, <input checked="true" class="filter" data-test-result="skipped" disabled="true" hidden="true" name="filter_checkbox" onChange="filter_table(this)" type="checkbox"/><span class="skipped">0 skipped</span>, <input checked="true" class="filter" data-test-result="failed" hidden="true" name="filter_checkbox" onChange="filter_table(this)" type="checkbox"/><span class="failed">4 failed</span>, <input checked="true" class="filter" data-test-result="error" disabled="true" hidden="true" name="filter_checkbox" onChange="filter_table(this)" type="checkbox"/><span class="error">0 errors</span>, <input checked="true" class="filter" data-test-result="xfailed" disabled="true" hidden="true" name="filter_checkbox" onChange="filter_table(this)" type="checkbox"/><span class="xfailed">0 expected failures</span>, <input checked="true" class="filter" data-test-result="xpassed" disabled="true" hidden="true" name="filter_checkbox" onChange="filter_table(this)" type="checkbox"/><span class="xpassed">0 unexpected passes</span>, <input checked="true" class="filter" data-test-result="rerun" disabled="true" hidden="true" name="filter_checkbox" onChange="filter_table(this)" type="checkbox"/><span class="rerun">0 rerun</span>
    <h2>Results</h2>
    <table id="results-table">
      <thead id="results-table-head">
        <tr>
          <th class="sortable result initial-sort" col="result">Result</th>
          <th class="sortable" col="name">Test</th>
          <th class="sortable numeric" col="duration">Duration</th>
          <th>Links</th></tr>
        <tr hidden="true" id="not-found-message">
          <th colspan="4">No results found. Try to check the filters</th></tr></thead>
      <tbody class="failed results-table-row">
        <tr>
          <td class="col-result">Failed</td>
          <td class="col-name">tests/test_cart.py::CartTest::test_add_to_cart</td>
          <td class="col-duration">50.29</td>
          <td class="col-links"><a class="url" href="https://domus.am/" target="_blank">URL</a> <a class="image" href="assets/tests_test_cart.py__CartTest__test_add_to_cart_1_0.png" target="_blank">Screenshot</a> </td></tr>
        <tr>
          <td class="extra" colspan="4">
            <div class="image"><a href="assets/tests_test_cart.py__CartTest__test_add_to_cart_1_0.png"><img src="assets/tests_test_cart.py__CartTest__test_add_to_cart_1_0.png"/></a></div>
            <div class="log">self = &lt;tests.test_cart.CartTest testMethod=test_add_to_cart&gt;<br/><br/>    def test_add_to_cart(self):<br/>        # add item to the cart<br/>&gt;       self.click(self.add_to_cart_btn)<br/><br/>tests/test_cart.py:13: <br/>_ _ _ _ _ _ _ _ _ _ _ _ _ _ _ _ _ _ _ _ _ _ _ _ _ _ _ _ _ _ _ _ _ _ _ _ _ _ _ _ <br/>venv/lib/python3.11/site-packages/seleniumbase/fixtures/base_case.py:410: in click<br/>    element = page_actions.wait_for_element_visible(<br/>venv/lib/python3.11/site-packages/seleniumbase/fixtures/page_actions.py:494: in wait_for_element_visible<br/>    timeout_exception(NoSuchElementException, message)<br/>_ _ _ _ _ _ _ _ _ _ _ _ _ _ _ _ _ _ _ _ _ _ _ _ _ _ _ _ _ _ _ _ _ _ _ _ _ _ _ _ <br/><br/>exception = &lt;class &#x27;selenium.common.exceptions.NoSuchElementException&#x27;&gt;<br/>message = &#x27;Element {/html/body/div[10]/div[3]/div[1]/div/div[1]/div/div[2]/div[2]/div[2]} was not present after 7 seconds!&#x27;<br/><br/>    def timeout_exception(exception, message):<br/>        exc, msg = shared_utils.format_exc(exception, message)<br/>&gt;       raise exc(msg)<br/><span class="error">E       seleniumbase.common.exceptions.NoSuchElementException: Message: </span><br/><span class="error">E        Element {/html/body/div[10]/div[3]/div[1]/div/div[1]/div/div[2]/div[2]/div[2]} was not present after 7 seconds!</span><br/><br/>venv/lib/python3.11/site-packages/seleniumbase/fixtures/page_actions.py:252: NoSuchElementException<br/></div></td></tr></tbody>
      <tbody class="failed results-table-row">
        <tr>
          <td class="col-result">Failed</td>
          <td class="col-name">tests/test_contact.py::ContactTest::test_contact_page</td>
          <td class="col-duration">5.65</td>
          <td class="col-links"><a class="url" href="https://www.saleeasy.org/contact/" target="_blank">URL</a> <a class="image" href="assets/tests_test_contact.py__ContactTest__test_contact_page_1_0.png" target="_blank">Screenshot</a> </td></tr>
        <tr>
          <td class="extra" colspan="4">
            <div class="image"><a href="assets/tests_test_contact.py__ContactTest__test_contact_page_1_0.png"><img src="assets/tests_test_contact.py__ContactTest__test_contact_page_1_0.png"/></a></div>
            <div class="log">self = &lt;tests.test_contact.ContactTest testMethod=test_contact_page&gt;, url = &#x27;https://www.saleeasy.org/contact/&#x27;<br/><br/>    def open(self, url):<br/>        &quot;&quot;&quot;Navigates the current browser window to the specified page.&quot;&quot;&quot;<br/>        self.__check_scope()<br/>        self._check_browser()<br/>        if self.__needs_minimum_wait():<br/>            time.sleep(0.04)<br/>        pre_action_url = None<br/>        try:<br/>            pre_action_url = self.driver.current_url<br/>        except Exception:<br/>            pass<br/>        url = str(url).strip()  # Remove leading and trailing whitespace<br/>        if not self.__looks_like_a_page_url(url):<br/>            # url should start with one of the following:<br/>            # &quot;http:&quot;, &quot;https:&quot;, &quot;://&quot;, &quot;data:&quot;, &quot;file:&quot;,<br/>            # &quot;about:&quot;, &quot;chrome:&quot;, or &quot;edge:&quot;.<br/>            if page_utils.is_valid_url(&quot;https://&quot; + url):<br/>                url = &quot;https://&quot; + url<br/>            else:<br/>                raise Exception(&#x27;Invalid URL: &quot;%s&quot;!&#x27; % url)<br/>        self.__last_page_load_url = None<br/>        js_utils.clear_out_console_logs(self.driver)<br/>        if url.startswith(&quot;://&quot;):<br/>            # Convert URLs such as &quot;://google.com&quot; into &quot;https://google.com&quot;<br/>            url = &quot;https&quot; + url<br/>        if self.recorder_mode and not self.__dont_record_open:<br/>            time_stamp = self.execute_script(&quot;return Date.now();&quot;)<br/>            origin = self.get_origin()<br/>            action = [&quot;o_url&quot;, origin, url, str(int(time_stamp) - 1)]<br/>            self.__extra_actions.append(action)<br/>            action = [&quot;_url_&quot;, origin, url, time_stamp]<br/>            self.__extra_actions.append(action)<br/>        if self.recorder_mode and self.__new_window_on_rec_open:<br/>            c_url = self.driver.current_url<br/>            if (&quot;http:&quot;) in c_url or (&quot;https:&quot;) in c_url or (&quot;file:&quot;) in c_url:<br/>                if self.get_domain_url(url) != self.get_domain_url(c_url):<br/>                    self.open_new_window(switch_to=True)<br/>        try:<br/>&gt;           self.driver.get(url)<br/><br/>venv/lib/python3.11/site-packages/seleniumbase/fixtures/base_case.py:253: <br/>_ _ _ _ _ _ _ _ _ _ _ _ _ _ _ _ _ _ _ _ _ _ _ _ _ _ _ _ _ _ _ _ _ _ _ _ _ _ _ _ <br/>venv/lib/python3.11/site-packages/selenium/webdriver/remote/webdriver.py:356: in get<br/>    self.execute(Command.GET, {&quot;url&quot;: url})<br/>venv/lib/python3.11/site-packages/selenium/webdriver/remote/webdriver.py:347: in execute<br/>    self.error_handler.check_response(response)<br/>_ _ _ _ _ _ _ _ _ _ _ _ _ _ _ _ _ _ _ _ _ _ _ _ _ _ _ _ _ _ _ _ _ _ _ _ _ _ _ _ <br/><br/>self = &lt;selenium.webdriver.remote.errorhandler.ErrorHandler object at 0x11172d4d0&gt;<br/>response = {&#x27;status&#x27;: 500, &#x27;value&#x27;: &#x27;{&quot;value&quot;:{&quot;error&quot;:&quot;unknown error&quot;,&quot;message&quot;:&quot;unknown error: net::ERR_NAME_NOT_RESOLVED\\n  (...ff806f261d3 _pthread_start + 125\\n29  libsystem_pthread.dylib             0x00007ff806f21bd3 thread_start + 15\\n&quot;}}&#x27;}<br/><br/>    def check_response(self, response: Dict[str, Any]) -&gt; None:<br/>        &quot;&quot;&quot;Checks that a JSON response from the WebDriver does not have an<br/>        error.<br/>    <br/>        :Args:<br/>         - response - The JSON response from the WebDriver server as a dictionary<br/>           object.<br/>    <br/>        :Raises: If the response contains an error message.<br/>        &quot;&quot;&quot;<br/>        status = response.get(&quot;status&quot;, None)<br/>        if not status or status == ErrorCode.SUCCESS:<br/>            return<br/>        value = None<br/>        message = response.get(&quot;message&quot;, &quot;&quot;)<br/>        screen: str = response.get(&quot;screen&quot;, &quot;&quot;)<br/>        stacktrace = None<br/>        if isinstance(status, int):<br/>            value_json = response.get(&quot;value&quot;, None)<br/>            if value_json and isinstance(value_json, str):<br/>                import json<br/>    <br/>                try:<br/>                    value = json.loads(value_json)<br/>                    if len(value) == 1:<br/>                        value = value[&quot;value&quot;]<br/>                    status = value.get(&quot;error&quot;, None)<br/>                    if not status:<br/>                        status = value.get(&quot;status&quot;, ErrorCode.UNKNOWN_ERROR)<br/>                        message = value.get(&quot;value&quot;) or value.get(&quot;message&quot;)<br/>                        if not isinstance(message, str):<br/>                            value = message<br/>                            message = message.get(&quot;message&quot;)<br/>                    else:<br/>                        message = value.get(&quot;message&quot;, None)<br/>                except ValueError:<br/>                    pass<br/>    <br/>        exception_class: Type[WebDriverException]<br/>        e = ErrorCode()<br/>        error_codes = [item for item in dir(e) if not item.startswith(&quot;__&quot;)]<br/>        for error_code in error_codes:<br/>            error_info = getattr(ErrorCode, error_code)<br/>            if isinstance(error_info, list) and status in error_info:<br/>                exception_class = getattr(ExceptionMapping, error_code, WebDriverException)<br/>                break<br/>        else:<br/>            exception_class = WebDriverException<br/>    <br/>        if not value:<br/>            value = response[&quot;value&quot;]<br/>        if isinstance(value, str):<br/>            raise exception_class(value)<br/>        if message == &quot;&quot; and &quot;message&quot; in value:<br/>            message = value[&quot;message&quot;]<br/>    <br/>        screen = None  # type: ignore[assignment]<br/>        if &quot;screen&quot; in value:<br/>            screen = value[&quot;screen&quot;]<br/>    <br/>        stacktrace = None<br/>        st_value = value.get(&quot;stackTrace&quot;) or value.get(&quot;stacktrace&quot;)<br/>        if st_value:<br/>            if isinstance(st_value, str):<br/>                stacktrace = st_value.split(&quot;\n&quot;)<br/>            else:<br/>                stacktrace = []<br/>                try:<br/>                    for frame in st_value:<br/>                        line = frame.get(&quot;lineNumber&quot;, &quot;&quot;)<br/>                        file = frame.get(&quot;fileName&quot;, &quot;&lt;anonymous&gt;&quot;)<br/>                        if line:<br/>                            file = f&quot;{file}:{line}&quot;<br/>                        meth = frame.get(&quot;methodName&quot;, &quot;&lt;anonymous&gt;&quot;)<br/>                        if &quot;className&quot; in frame:<br/>                            meth = f&quot;{frame[&#x27;className&#x27;]}.{meth}&quot;<br/>                        msg = &quot;    at %s (%s)&quot;<br/>                        msg = msg % (meth, file)<br/>                        stacktrace.append(msg)<br/>                except TypeError:<br/>                    pass<br/>        if exception_class == UnexpectedAlertPresentException:<br/>            alert_text = None<br/>            if &quot;data&quot; in value:<br/>                alert_text = value[&quot;data&quot;].get(&quot;text&quot;)<br/>            elif &quot;alert&quot; in value:<br/>                alert_text = value[&quot;alert&quot;].get(&quot;text&quot;)<br/>            raise exception_class(message, screen, stacktrace, alert_text)  # type: ignore[call-arg]  # mypy is not smart enough here<br/>&gt;       raise exception_class(message, screen, stacktrace)<br/><span class="error">E       selenium.common.exceptions.WebDriverException: Message: unknown error: net::ERR_NAME_NOT_RESOLVED</span><br/><span class="error">E         (Session info: chrome=123.0.6312.105)</span><br/><span class="error">E       Stacktrace:</span><br/><span class="error">E       0   chromedriver                        0x0000000105768128 chromedriver + 4596008</span><br/><span class="error">E       1   chromedriver                        0x000000010575fe93 chromedriver + 4562579</span><br/><span class="error">E       2   chromedriver                        0x000000010536339a chromedriver + 381850</span><br/><span class="error">E       3   chromedriver                        0x000000010535bb51 chromedriver + 351057</span><br/><span class="error">E       4   chromedriver                        0x000000010534d1d1 chromedriver + 291281</span><br/><span class="error">E       5   chromedriver                        0x000000010534e7a5 chromedriver + 296869</span><br/><span class="error">E       6   chromedriver                        0x000000010534d47d chromedriver + 291965</span><br/><span class="error">E       7   chromedriver                        0x000000010534cec0 chromedriver + 290496</span><br/><span class="error">E       8   chromedriver                        0x000000010534cd47 chromedriver + 290119</span><br/><span class="error">E       9   chromedriver                        0x000000010534b089 chromedriver + 282761</span><br/><span class="error">E       10  chromedriver                        0x000000010534b46a chromedriver + 283754</span><br/><span class="error">E       11  chromedriver                        0x0000000105365dde chromedriver + 392670</span><br/><span class="error">E       12  chromedriver                        0x00000001053efac5 chromedriver + 957125</span><br/><span class="error">E       13  chromedriver                        0x00000001053cf142 chromedriver + 823618</span><br/><span class="error">E       14  chromedriver                        0x00000001053ef14d chromedriver + 954701</span><br/><span class="error">E       15  chromedriver                        0x00000001053ceee3 chromedriver + 823011</span><br/><span class="error">E       16  chromedriver                        0x000000010539fbe4 chromedriver + 629732</span><br/><span class="error">E       17  chromedriver                        0x00000001053a079e chromedriver + 632734</span><br/><span class="error">E       18  chromedriver                        0x000000010572e042 chromedriver + 4358210</span><br/><span class="error">E       19  chromedriver                        0x0000000105732c8d chromedriver + 4377741</span><br/><span class="error">E       20  chromedriver                        0x0000000105732603 chromedriver + 4376067</span><br/><span class="error">E       21  chromedriver                        0x0000000105732f35 chromedriver + 4378421</span><br/><span class="error">E       22  chromedriver                        0x0000000105717a65 chromedriver + 4266597</span><br/><span class="error">E       23  chromedriver                        0x00000001057332bd chromedriver + 4379325</span><br/><span class="error">E       24  chromedriver                        0x000000010570a0b0 chromedriver + 4210864</span><br/><span class="error">E       25  chromedriver                        0x0000000105750af8 chromedriver + 4500216</span><br/><span class="error">E       26  chromedriver                        0x0000000105750c71 chromedriver + 4500593</span><br/><span class="error">E       27  chromedriver                        0x000000010575fad3 chromedriver + 4561619</span><br/><span class="error">E       28  libsystem_pthread.dylib             0x00007ff806f261d3 _pthread_start + 125</span><br/><span class="error">E       29  libsystem_pthread.dylib             0x00007ff806f21bd3 thread_start + 15</span><br/><br/>venv/lib/python3.11/site-packages/selenium/webdriver/remote/errorhandler.py:229: WebDriverException<br/><br/>During handling of the above exception, another exception occurred:<br/><br/>self = &lt;tests.test_contact.ContactTest testMethod=test_contact_page&gt;<br/><br/>    def test_contact_page(self):<br/>        # open page<br/>&gt;       self.open(&quot;https://www.saleeasy.org/contact/&quot;)<br/><br/>tests/test_contact.py:6: <br/>_ _ _ _ _ _ _ _ _ _ _ _ _ _ _ _ _ _ _ _ _ _ _ _ _ _ _ _ _ _ _ _ _ _ _ _ _ _ _ _ <br/>venv/lib/python3.11/site-packages/seleniumbase/fixtures/base_case.py:272: in open<br/>    self.driver.get(url)<br/>venv/lib/python3.11/site-packages/selenium/webdriver/remote/webdriver.py:356: in get<br/>    self.execute(Command.GET, {&quot;url&quot;: url})<br/>venv/lib/python3.11/site-packages/selenium/webdriver/remote/webdriver.py:347: in execute<br/>    self.error_handler.check_response(response)<br/>_ _ _ _ _ _ _ _ _ _ _ _ _ _ _ _ _ _ _ _ _ _ _ _ _ _ _ _ _ _ _ _ _ _ _ _ _ _ _ _ <br/><br/>self = &lt;selenium.webdriver.remote.errorhandler.ErrorHandler object at 0x11172d4d0&gt;<br/>response = {&#x27;status&#x27;: 500, &#x27;value&#x27;: &#x27;{&quot;value&quot;:{&quot;error&quot;:&quot;unknown error&quot;,&quot;message&quot;:&quot;unknown error: net::ERR_NAME_NOT_RESOLVED\\n  (...ff806f261d3 _pthread_start + 125\\n29  libsystem_pthread.dylib             0x00007ff806f21bd3 thread_start + 15\\n&quot;}}&#x27;}<br/><br/>    def check_response(self, response: Dict[str, Any]) -&gt; None:<br/>        &quot;&quot;&quot;Checks that a JSON response from the WebDriver does not have an<br/>        error.<br/>    <br/>        :Args:<br/>         - response - The JSON response from the WebDriver server as a dictionary<br/>           object.<br/>    <br/>        :Raises: If the response contains an error message.<br/>        &quot;&quot;&quot;<br/>        status = response.get(&quot;status&quot;, None)<br/>        if not status or status == ErrorCode.SUCCESS:<br/>            return<br/>        value = None<br/>        message = response.get(&quot;message&quot;, &quot;&quot;)<br/>        screen: str = response.get(&quot;screen&quot;, &quot;&quot;)<br/>        stacktrace = None<br/>        if isinstance(status, int):<br/>            value_json = response.get(&quot;value&quot;, None)<br/>            if value_json and isinstance(value_json, str):<br/>                import json<br/>    <br/>                try:<br/>                    value = json.loads(value_json)<br/>                    if len(value) == 1:<br/>                        value = value[&quot;value&quot;]<br/>                    status = value.get(&quot;error&quot;, None)<br/>                    if not status:<br/>                        status = value.get(&quot;status&quot;, ErrorCode.UNKNOWN_ERROR)<br/>                        message = value.get(&quot;value&quot;) or value.get(&quot;message&quot;)<br/>                        if not isinstance(message, str):<br/>                            value = message<br/>                            message = message.get(&quot;message&quot;)<br/>                    else:<br/>                        message = value.get(&quot;message&quot;, None)<br/>                except ValueError:<br/>                    pass<br/>    <br/>        exception_class: Type[WebDriverException]<br/>        e = ErrorCode()<br/>        error_codes = [item for item in dir(e) if not item.startswith(&quot;__&quot;)]<br/>        for error_code in error_codes:<br/>            error_info = getattr(ErrorCode, error_code)<br/>            if isinstance(error_info, list) and status in error_info:<br/>                exception_class = getattr(ExceptionMapping, error_code, WebDriverException)<br/>                break<br/>        else:<br/>            exception_class = WebDriverException<br/>    <br/>        if not value:<br/>            value = response[&quot;value&quot;]<br/>        if isinstance(value, str):<br/>            raise exception_class(value)<br/>        if message == &quot;&quot; and &quot;message&quot; in value:<br/>            message = value[&quot;message&quot;]<br/>    <br/>        screen = None  # type: ignore[assignment]<br/>        if &quot;screen&quot; in value:<br/>            screen = value[&quot;screen&quot;]<br/>    <br/>        stacktrace = None<br/>        st_value = value.get(&quot;stackTrace&quot;) or value.get(&quot;stacktrace&quot;)<br/>        if st_value:<br/>            if isinstance(st_value, str):<br/>                stacktrace = st_value.split(&quot;\n&quot;)<br/>            else:<br/>                stacktrace = []<br/>                try:<br/>                    for frame in st_value:<br/>                        line = frame.get(&quot;lineNumber&quot;, &quot;&quot;)<br/>                        file = frame.get(&quot;fileName&quot;, &quot;&lt;anonymous&gt;&quot;)<br/>                        if line:<br/>                            file = f&quot;{file}:{line}&quot;<br/>                        meth = frame.get(&quot;methodName&quot;, &quot;&lt;anonymous&gt;&quot;)<br/>                        if &quot;className&quot; in frame:<br/>                            meth = f&quot;{frame[&#x27;className&#x27;]}.{meth}&quot;<br/>                        msg = &quot;    at %s (%s)&quot;<br/>                        msg = msg % (meth, file)<br/>                        stacktrace.append(msg)<br/>                except TypeError:<br/>                    pass<br/>        if exception_class == UnexpectedAlertPresentException:<br/>            alert_text = None<br/>            if &quot;data&quot; in value:<br/>                alert_text = value[&quot;data&quot;].get(&quot;text&quot;)<br/>            elif &quot;alert&quot; in value:<br/>                alert_text = value[&quot;alert&quot;].get(&quot;text&quot;)<br/>            raise exception_class(message, screen, stacktrace, alert_text)  # type: ignore[call-arg]  # mypy is not smart enough here<br/>&gt;       raise exception_class(message, screen, stacktrace)<br/><span class="error">E       selenium.common.exceptions.WebDriverException: Message: unknown error: net::ERR_NAME_NOT_RESOLVED</span><br/><span class="error">E         (Session info: chrome=123.0.6312.105)</span><br/><span class="error">E       Stacktrace:</span><br/><span class="error">E       0   chromedriver                        0x0000000105768128 chromedriver + 4596008</span><br/><span class="error">E       1   chromedriver                        0x000000010575fe93 chromedriver + 4562579</span><br/><span class="error">E       2   chromedriver                        0x000000010536339a chromedriver + 381850</span><br/><span class="error">E       3   chromedriver                        0x000000010535bb51 chromedriver + 351057</span><br/><span class="error">E       4   chromedriver                        0x000000010534d1d1 chromedriver + 291281</span><br/><span class="error">E       5   chromedriver                        0x000000010534e7a5 chromedriver + 296869</span><br/><span class="error">E       6   chromedriver                        0x000000010534d47d chromedriver + 291965</span><br/><span class="error">E       7   chromedriver                        0x000000010534cec0 chromedriver + 290496</span><br/><span class="error">E       8   chromedriver                        0x000000010534cd47 chromedriver + 290119</span><br/><span class="error">E       9   chromedriver                        0x000000010534b089 chromedriver + 282761</span><br/><span class="error">E       10  chromedriver                        0x000000010534b46a chromedriver + 283754</span><br/><span class="error">E       11  chromedriver                        0x0000000105365dde chromedriver + 392670</span><br/><span class="error">E       12  chromedriver                        0x00000001053efac5 chromedriver + 957125</span><br/><span class="error">E       13  chromedriver                        0x00000001053cf142 chromedriver + 823618</span><br/><span class="error">E       14  chromedriver                        0x00000001053ef14d chromedriver + 954701</span><br/><span class="error">E       15  chromedriver                        0x00000001053ceee3 chromedriver + 823011</span><br/><span class="error">E       16  chromedriver                        0x000000010539fbe4 chromedriver + 629732</span><br/><span class="error">E       17  chromedriver                        0x00000001053a079e chromedriver + 632734</span><br/><span class="error">E       18  chromedriver                        0x000000010572e042 chromedriver + 4358210</span><br/><span class="error">E       19  chromedriver                        0x0000000105732c8d chromedriver + 4377741</span><br/><span class="error">E       20  chromedriver                        0x0000000105732603 chromedriver + 4376067</span><br/><span class="error">E       21  chromedriver                        0x0000000105732f35 chromedriver + 4378421</span><br/><span class="error">E       22  chromedriver                        0x0000000105717a65 chromedriver + 4266597</span><br/><span class="error">E       23  chromedriver                        0x00000001057332bd chromedriver + 4379325</span><br/><span class="error">E       24  chromedriver                        0x000000010570a0b0 chromedriver + 4210864</span><br/><span class="error">E       25  chromedriver                        0x0000000105750af8 chromedriver + 4500216</span><br/><span class="error">E       26  chromedriver                        0x0000000105750c71 chromedriver + 4500593</span><br/><span class="error">E       27  chromedriver                        0x000000010575fad3 chromedriver + 4561619</span><br/><span class="error">E       28  libsystem_pthread.dylib             0x00007ff806f261d3 _pthread_start + 125</span><br/><span class="error">E       29  libsystem_pthread.dylib             0x00007ff806f21bd3 thread_start + 15</span><br/><br/>venv/lib/python3.11/site-packages/selenium/webdriver/remote/errorhandler.py:229: WebDriverException<br/></div></td></tr></tbody>
      <tbody class="failed results-table-row">
        <tr>
          <td class="col-result">Failed</td>
          <td class="col-name">tests/test_home.py::HomeTest::test_home_page</td>
          <td class="col-duration">8.37</td>
          <td class="col-links"><a class="url" href="https://www.instagram.com/challenge/AXHDpJOwPukZQkrGFhIxQeEto1pmsZy4PCgR1Uxb8SEr_sLlqT1jV5RLzSZIyq4bJWQ/AfwfMj5_jeLi2GL_XTwWCjn3kAWGRHhxXFhWZKla3fpMSg5-cXJdzFo1iy6Mkbv00I5e923rNCMtpQ/?challenge_context=Af4Xl-p5vos44WX-pp81bxUXSR_wJ9JGfXr5dFPFH6FYj78CrKzAG_zAC_ouTwsrFB5hD3ZHfnWJNWVziIhryX-4BKYS-EEh2dKHqZv3UFou-1S60CSQtpghm6koQfFzu72uLDJAaz3uLEMsqENJ4on1rRLnKqF2fxbDz0qihiGQAga-TA24Zws7XxNm7MuWRHz4ebAEGM1cC5ONk4hGeRQCbC32qDw57wBIN1szbHBFRiPDXt2ApzMFHNJuQgU4KT7D0RUgAJkQeZhg8zFJaRHxASUGp-0nhzQzEUzee8tt5_8pGIA420V8zMZ_yzsnAd18PpXDKnEt-49C7ljejr56vFw2HQ0c9n3jMk48xOBwmUDyNQuqXSaZgb__NfK5ZPe2IDAwg-yrBiNopg88gaFlU_z3uw-1pEWmont8ui-QAg5eWmOUYgv5HQjtaiXt4faamG-NQMpGZSjDtofj69UuRm1nCnrYHoFhnG8lDvO-NvaUW6GC2vusO6CXAh_ThSOfKEjiHf3x6T1tmFoCaHmDGjtYTJH7_07JTEeA5iNsdS_Lpo0QLv5c27GKO78tyQ1FDuXmbbAdp7Pn2m9Wu7qzq87I4X4ptDzyflS7wME486nDPlOepWxXNaKwuNluS2ZAneDtRcDvr7uZtlt9DbZ_y-M4XVLpAsomResKWjEdnnFgNz2OQBvldOHfdbePYnHjscW1W0nFc8Hyrd-n9sj-FUCtspH2UTrUj3he18OGClHPbeuG2U0w50mdQnEm-ikJv-yq9PXEIsZ6K7_lFQa-MuSRT4y_Lr7I60jRWdtceuwamUArhTKmQUTEJYjE_ZG03k_hTZabB0z5E_Io7UcTxGVQOfMJ4XJ_GDkdHynzScSLxe0EfoyyWSGQ2URHGH55YTMmfk5KxFYyHaKO6hajjh9HfMY2ILIvV6ZkYAxV3AjCUKmIVsp5wXiYvEWPImdaGlT-k2Tv1ZfZBiOY_t_PaW9e-HEUlK_mDZTSn-sh_CsjsDJxKnOj8xkg1rLc0T562zNwhlyxlPwVtlSX0wxsfzTIiL1vVOQEBGh3sTJV2EhQOdKzkFTJ81wGBUYY6JihPtibuVqg4bDoQVa9sYygN14793-jsVdPZnuZM58dfb8Xw94oYEY7tXgYTpTZH5vN19HfeDmT-LW1sg-gGwg_Dxi0tDn6tvJlm2vkTShKCOVod4HPWOMDxdEg5Ik9bbiGUa6JCeAUWwg1i0gBraXKZt8acjdZbMaRLXyL-JB8pG2RdAcRm7LUXsisOjcQDZSnaWHzn0gI5KIhlRtvGfZGNChb-bON_0iolBZugDhorNQwU_WqJCQgrHhxf41L5258ri7fh2D9G6TjaudrobH6fnTc9u53-C8EXeVYmi0CX-k30hdMIAgKXQ" target="_blank">URL</a> <a class="image" href="assets/tests_test_home.py__HomeTest__test_home_page_1_0.png" target="_blank">Screenshot</a> </td></tr>
        <tr>
          <td class="extra" colspan="4">
            <div class="image"><a href="assets/tests_test_home.py__HomeTest__test_home_page_1_0.png"><img src="assets/tests_test_home.py__HomeTest__test_home_page_1_0.png"/></a></div>
            <div class="log">self = &lt;tests.test_home.HomeTest testMethod=test_home_page&gt;, title = &#x27;Domus.am&#x27;<br/><br/>    def assert_title(self, title):<br/>        &quot;&quot;&quot;Asserts that the web page title matches the expected title.<br/>        When a web page initially loads, the title starts as the URL,<br/>            but then the title switches over to the actual page title.<br/>        In Recorder Mode, this assertion is skipped because the Recorder<br/>            changes the page title to the selector of the hovered element.&quot;&quot;&quot;<br/>        self.wait_for_ready_state_complete()<br/>        expected = title.strip()<br/>        actual = self.get_page_title().strip()<br/>        error = (<br/>            &quot;Expected page title [%s] does not match the actual title [%s]!&quot;<br/>        )<br/>        if not self.recorder_mode:<br/>            try:<br/>&gt;               self.assertEqual(expected, actual, error % (expected, actual))<br/><br/>venv/lib/python3.11/site-packages/seleniumbase/fixtures/base_case.py:7430: <br/>_ _ _ _ _ _ _ _ _ _ _ _ _ _ _ _ _ _ _ _ _ _ _ _ _ _ _ _ _ _ _ _ _ _ _ _ _ _ _ _ <br/>venv/lib/python3.11/site-packages/seleniumbase/fixtures/base_case.py:8224: in fail<br/>    super().fail(msg)<br/><span class="error">E   AssertionError: &#x27;Domus.am&#x27; != &#x27;Login • Instagram&#x27;</span><br/><span class="error">E   - Domus.am</span><br/><span class="error">E   + Login • Instagram</span><br/><span class="error">E    : Expected page title [Domus.am] does not match the actual title [Login • Instagram]!</span><br/><br/>During handling of the above exception, another exception occurred:<br/><br/>self = &lt;tests.test_home.HomeTest testMethod=test_home_page&gt;, title = &#x27;Domus.am&#x27;<br/><br/>    def assert_title(self, title):<br/>        &quot;&quot;&quot;Asserts that the web page title matches the expected title.<br/>        When a web page initially loads, the title starts as the URL,<br/>            but then the title switches over to the actual page title.<br/>        In Recorder Mode, this assertion is skipped because the Recorder<br/>            changes the page title to the selector of the hovered element.&quot;&quot;&quot;<br/>        self.wait_for_ready_state_complete()<br/>        expected = title.strip()<br/>        actual = self.get_page_title().strip()<br/>        error = (<br/>            &quot;Expected page title [%s] does not match the actual title [%s]!&quot;<br/>        )<br/>        if not self.recorder_mode:<br/>            try:<br/>                self.assertEqual(expected, actual, error % (expected, actual))<br/>            except Exception:<br/>                self.wait_for_ready_state_complete()<br/>                time.sleep(2)<br/>                actual = self.get_page_title().strip()<br/>                try:<br/>&gt;                   self.assertEqual(<br/>                        expected, actual, error % (expected, actual)<br/>                    )<br/><br/>venv/lib/python3.11/site-packages/seleniumbase/fixtures/base_case.py:7436: <br/>_ _ _ _ _ _ _ _ _ _ _ _ _ _ _ _ _ _ _ _ _ _ _ _ _ _ _ _ _ _ _ _ _ _ _ _ _ _ _ _ <br/>venv/lib/python3.11/site-packages/seleniumbase/fixtures/base_case.py:8224: in fail<br/>    super().fail(msg)<br/><span class="error">E   AssertionError: &#x27;Domus.am&#x27; != &quot;Help us confirm it&#x27;s you • Instagram&quot;</span><br/><span class="error">E   - Domus.am</span><br/><span class="error">E   + Help us confirm it&#x27;s you • Instagram</span><br/><span class="error">E    : Expected page title [Domus.am] does not match the actual title [Help us confirm it&#x27;s you • Instagram]!</span><br/><br/>During handling of the above exception, another exception occurred:<br/><br/>self = &lt;tests.test_home.HomeTest testMethod=test_home_page&gt;<br/><br/>    def test_home_page(self):<br/>        # open home page<br/>        #  self.open(&quot;https://picsart.com/&quot;)<br/>    <br/>        # assert page title<br/>&gt;       self.assert_title(hp.get_title)<br/><br/>tests/test_home.py:25: <br/>_ _ _ _ _ _ _ _ _ _ _ _ _ _ _ _ _ _ _ _ _ _ _ _ _ _ _ _ _ _ _ _ _ _ _ _ _ _ _ _ <br/>venv/lib/python3.11/site-packages/seleniumbase/fixtures/base_case.py:7443: in assert_title<br/>    self.assertEqual(<br/>venv/lib/python3.11/site-packages/seleniumbase/fixtures/base_case.py:8224: in fail<br/>    super().fail(msg)<br/><span class="error">E   AssertionError: &#x27;Domus.am&#x27; != &quot;Help us confirm it&#x27;s you • Instagram&quot;</span><br/><span class="error">E   - Domus.am</span><br/><span class="error">E   + Help us confirm it&#x27;s you • Instagram</span><br/><span class="error">E    : Expected page title [Domus.am] does not match the actual title [Help us confirm it&#x27;s you • Instagram]!</span><br/> ------------------------------Captured stdout call------------------------------ <br/>running before each test
running after each test
<br/></div></td></tr></tbody>
      <tbody class="failed results-table-row">
        <tr>
          <td class="col-result">Failed</td>
          <td class="col-name">tests/test_home.py::HomeTest::test_menu_links</td>
          <td class="col-duration">6.43</td>
          <td class="col-links"><a class="url" href="https://www.saleeasy.org/" target="_blank">URL</a> <a class="image" href="assets/tests_test_home.py__HomeTest__test_menu_links_1_0.png" target="_blank">Screenshot</a> </td></tr>
        <tr>
          <td class="extra" colspan="4">
            <div class="image"><a href="assets/tests_test_home.py__HomeTest__test_menu_links_1_0.png"><img src="assets/tests_test_home.py__HomeTest__test_menu_links_1_0.png"/></a></div>
            <div class="log">self = &lt;tests.test_home.HomeTest testMethod=test_menu_links&gt;, url = &#x27;https://www.saleeasy.org/&#x27;<br/><br/>    def open(self, url):<br/>        &quot;&quot;&quot;Navigates the current browser window to the specified page.&quot;&quot;&quot;<br/>        self.__check_scope()<br/>        self._check_browser()<br/>        if self.__needs_minimum_wait():<br/>            time.sleep(0.04)<br/>        pre_action_url = None<br/>        try:<br/>            pre_action_url = self.driver.current_url<br/>        except Exception:<br/>            pass<br/>        url = str(url).strip()  # Remove leading and trailing whitespace<br/>        if not self.__looks_like_a_page_url(url):<br/>            # url should start with one of the following:<br/>            # &quot;http:&quot;, &quot;https:&quot;, &quot;://&quot;, &quot;data:&quot;, &quot;file:&quot;,<br/>            # &quot;about:&quot;, &quot;chrome:&quot;, or &quot;edge:&quot;.<br/>            if page_utils.is_valid_url(&quot;https://&quot; + url):<br/>                url = &quot;https://&quot; + url<br/>            else:<br/>                raise Exception(&#x27;Invalid URL: &quot;%s&quot;!&#x27; % url)<br/>        self.__last_page_load_url = None<br/>        js_utils.clear_out_console_logs(self.driver)<br/>        if url.startswith(&quot;://&quot;):<br/>            # Convert URLs such as &quot;://google.com&quot; into &quot;https://google.com&quot;<br/>            url = &quot;https&quot; + url<br/>        if self.recorder_mode and not self.__dont_record_open:<br/>            time_stamp = self.execute_script(&quot;return Date.now();&quot;)<br/>            origin = self.get_origin()<br/>            action = [&quot;o_url&quot;, origin, url, str(int(time_stamp) - 1)]<br/>            self.__extra_actions.append(action)<br/>            action = [&quot;_url_&quot;, origin, url, time_stamp]<br/>            self.__extra_actions.append(action)<br/>        if self.recorder_mode and self.__new_window_on_rec_open:<br/>            c_url = self.driver.current_url<br/>            if (&quot;http:&quot;) in c_url or (&quot;https:&quot;) in c_url or (&quot;file:&quot;) in c_url:<br/>                if self.get_domain_url(url) != self.get_domain_url(c_url):<br/>                    self.open_new_window(switch_to=True)<br/>        try:<br/>&gt;           self.driver.get(url)<br/><br/>venv/lib/python3.11/site-packages/seleniumbase/fixtures/base_case.py:253: <br/>_ _ _ _ _ _ _ _ _ _ _ _ _ _ _ _ _ _ _ _ _ _ _ _ _ _ _ _ _ _ _ _ _ _ _ _ _ _ _ _ <br/>venv/lib/python3.11/site-packages/selenium/webdriver/remote/webdriver.py:356: in get<br/>    self.execute(Command.GET, {&quot;url&quot;: url})<br/>venv/lib/python3.11/site-packages/selenium/webdriver/remote/webdriver.py:347: in execute<br/>    self.error_handler.check_response(response)<br/>_ _ _ _ _ _ _ _ _ _ _ _ _ _ _ _ _ _ _ _ _ _ _ _ _ _ _ _ _ _ _ _ _ _ _ _ _ _ _ _ <br/><br/>self = &lt;selenium.webdriver.remote.errorhandler.ErrorHandler object at 0x112627010&gt;<br/>response = {&#x27;status&#x27;: 500, &#x27;value&#x27;: &#x27;{&quot;value&quot;:{&quot;error&quot;:&quot;unknown error&quot;,&quot;message&quot;:&quot;unknown error: net::ERR_NAME_NOT_RESOLVED\\n  (...ff806f261d3 _pthread_start + 125\\n29  libsystem_pthread.dylib             0x00007ff806f21bd3 thread_start + 15\\n&quot;}}&#x27;}<br/><br/>    def check_response(self, response: Dict[str, Any]) -&gt; None:<br/>        &quot;&quot;&quot;Checks that a JSON response from the WebDriver does not have an<br/>        error.<br/>    <br/>        :Args:<br/>         - response - The JSON response from the WebDriver server as a dictionary<br/>           object.<br/>    <br/>        :Raises: If the response contains an error message.<br/>        &quot;&quot;&quot;<br/>        status = response.get(&quot;status&quot;, None)<br/>        if not status or status == ErrorCode.SUCCESS:<br/>            return<br/>        value = None<br/>        message = response.get(&quot;message&quot;, &quot;&quot;)<br/>        screen: str = response.get(&quot;screen&quot;, &quot;&quot;)<br/>        stacktrace = None<br/>        if isinstance(status, int):<br/>            value_json = response.get(&quot;value&quot;, None)<br/>            if value_json and isinstance(value_json, str):<br/>                import json<br/>    <br/>                try:<br/>                    value = json.loads(value_json)<br/>                    if len(value) == 1:<br/>                        value = value[&quot;value&quot;]<br/>                    status = value.get(&quot;error&quot;, None)<br/>                    if not status:<br/>                        status = value.get(&quot;status&quot;, ErrorCode.UNKNOWN_ERROR)<br/>                        message = value.get(&quot;value&quot;) or value.get(&quot;message&quot;)<br/>                        if not isinstance(message, str):<br/>                            value = message<br/>                            message = message.get(&quot;message&quot;)<br/>                    else:<br/>                        message = value.get(&quot;message&quot;, None)<br/>                except ValueError:<br/>                    pass<br/>    <br/>        exception_class: Type[WebDriverException]<br/>        e = ErrorCode()<br/>        error_codes = [item for item in dir(e) if not item.startswith(&quot;__&quot;)]<br/>        for error_code in error_codes:<br/>            error_info = getattr(ErrorCode, error_code)<br/>            if isinstance(error_info, list) and status in error_info:<br/>                exception_class = getattr(ExceptionMapping, error_code, WebDriverException)<br/>                break<br/>        else:<br/>            exception_class = WebDriverException<br/>    <br/>        if not value:<br/>            value = response[&quot;value&quot;]<br/>        if isinstance(value, str):<br/>            raise exception_class(value)<br/>        if message == &quot;&quot; and &quot;message&quot; in value:<br/>            message = value[&quot;message&quot;]<br/>    <br/>        screen = None  # type: ignore[assignment]<br/>        if &quot;screen&quot; in value:<br/>            screen = value[&quot;screen&quot;]<br/>    <br/>        stacktrace = None<br/>        st_value = value.get(&quot;stackTrace&quot;) or value.get(&quot;stacktrace&quot;)<br/>        if st_value:<br/>            if isinstance(st_value, str):<br/>                stacktrace = st_value.split(&quot;\n&quot;)<br/>            else:<br/>                stacktrace = []<br/>                try:<br/>                    for frame in st_value:<br/>                        line = frame.get(&quot;lineNumber&quot;, &quot;&quot;)<br/>                        file = frame.get(&quot;fileName&quot;, &quot;&lt;anonymous&gt;&quot;)<br/>                        if line:<br/>                            file = f&quot;{file}:{line}&quot;<br/>                        meth = frame.get(&quot;methodName&quot;, &quot;&lt;anonymous&gt;&quot;)<br/>                        if &quot;className&quot; in frame:<br/>                            meth = f&quot;{frame[&#x27;className&#x27;]}.{meth}&quot;<br/>                        msg = &quot;    at %s (%s)&quot;<br/>                        msg = msg % (meth, file)<br/>                        stacktrace.append(msg)<br/>                except TypeError:<br/>                    pass<br/>        if exception_class == UnexpectedAlertPresentException:<br/>            alert_text = None<br/>            if &quot;data&quot; in value:<br/>                alert_text = value[&quot;data&quot;].get(&quot;text&quot;)<br/>            elif &quot;alert&quot; in value:<br/>                alert_text = value[&quot;alert&quot;].get(&quot;text&quot;)<br/>            raise exception_class(message, screen, stacktrace, alert_text)  # type: ignore[call-arg]  # mypy is not smart enough here<br/>&gt;       raise exception_class(message, screen, stacktrace)<br/><span class="error">E       selenium.common.exceptions.WebDriverException: Message: unknown error: net::ERR_NAME_NOT_RESOLVED</span><br/><span class="error">E         (Session info: chrome=123.0.6312.105)</span><br/><span class="error">E       Stacktrace:</span><br/><span class="error">E       0   chromedriver                        0x00000001064c9128 chromedriver + 4596008</span><br/><span class="error">E       1   chromedriver                        0x00000001064c0e93 chromedriver + 4562579</span><br/><span class="error">E       2   chromedriver                        0x00000001060c439a chromedriver + 381850</span><br/><span class="error">E       3   chromedriver                        0x00000001060bcb51 chromedriver + 351057</span><br/><span class="error">E       4   chromedriver                        0x00000001060ae1d1 chromedriver + 291281</span><br/><span class="error">E       5   chromedriver                        0x00000001060af7a5 chromedriver + 296869</span><br/><span class="error">E       6   chromedriver                        0x00000001060ae47d chromedriver + 291965</span><br/><span class="error">E       7   chromedriver                        0x00000001060adec0 chromedriver + 290496</span><br/><span class="error">E       8   chromedriver                        0x00000001060add47 chromedriver + 290119</span><br/><span class="error">E       9   chromedriver                        0x00000001060ac089 chromedriver + 282761</span><br/><span class="error">E       10  chromedriver                        0x00000001060ac46a chromedriver + 283754</span><br/><span class="error">E       11  chromedriver                        0x00000001060c6dde chromedriver + 392670</span><br/><span class="error">E       12  chromedriver                        0x0000000106150ac5 chromedriver + 957125</span><br/><span class="error">E       13  chromedriver                        0x0000000106130142 chromedriver + 823618</span><br/><span class="error">E       14  chromedriver                        0x000000010615014d chromedriver + 954701</span><br/><span class="error">E       15  chromedriver                        0x000000010612fee3 chromedriver + 823011</span><br/><span class="error">E       16  chromedriver                        0x0000000106100be4 chromedriver + 629732</span><br/><span class="error">E       17  chromedriver                        0x000000010610179e chromedriver + 632734</span><br/><span class="error">E       18  chromedriver                        0x000000010648f042 chromedriver + 4358210</span><br/><span class="error">E       19  chromedriver                        0x0000000106493c8d chromedriver + 4377741</span><br/><span class="error">E       20  chromedriver                        0x0000000106493603 chromedriver + 4376067</span><br/><span class="error">E       21  chromedriver                        0x0000000106493f35 chromedriver + 4378421</span><br/><span class="error">E       22  chromedriver                        0x0000000106478a65 chromedriver + 4266597</span><br/><span class="error">E       23  chromedriver                        0x00000001064942bd chromedriver + 4379325</span><br/><span class="error">E       24  chromedriver                        0x000000010646b0b0 chromedriver + 4210864</span><br/><span class="error">E       25  chromedriver                        0x00000001064b1af8 chromedriver + 4500216</span><br/><span class="error">E       26  chromedriver                        0x00000001064b1c71 chromedriver + 4500593</span><br/><span class="error">E       27  chromedriver                        0x00000001064c0ad3 chromedriver + 4561619</span><br/><span class="error">E       28  libsystem_pthread.dylib             0x00007ff806f261d3 _pthread_start + 125</span><br/><span class="error">E       29  libsystem_pthread.dylib             0x00007ff806f21bd3 thread_start + 15</span><br/><br/>venv/lib/python3.11/site-packages/selenium/webdriver/remote/errorhandler.py:229: WebDriverException<br/><br/>During handling of the above exception, another exception occurred:<br/><br/>self = &lt;tests.test_home.HomeTest testMethod=test_menu_links&gt;<br/><br/>    def test_menu_links(self):<br/>        # open url<br/>&gt;       self.open(&quot;https://www.saleeasy.org/&quot;)<br/><br/>tests/test_home.py:51: <br/>_ _ _ _ _ _ _ _ _ _ _ _ _ _ _ _ _ _ _ _ _ _ _ _ _ _ _ _ _ _ _ _ _ _ _ _ _ _ _ _ <br/>venv/lib/python3.11/site-packages/seleniumbase/fixtures/base_case.py:272: in open<br/>    self.driver.get(url)<br/>venv/lib/python3.11/site-packages/selenium/webdriver/remote/webdriver.py:356: in get<br/>    self.execute(Command.GET, {&quot;url&quot;: url})<br/>venv/lib/python3.11/site-packages/selenium/webdriver/remote/webdriver.py:347: in execute<br/>    self.error_handler.check_response(response)<br/>_ _ _ _ _ _ _ _ _ _ _ _ _ _ _ _ _ _ _ _ _ _ _ _ _ _ _ _ _ _ _ _ _ _ _ _ _ _ _ _ <br/><br/>self = &lt;selenium.webdriver.remote.errorhandler.ErrorHandler object at 0x112627010&gt;<br/>response = {&#x27;status&#x27;: 500, &#x27;value&#x27;: &#x27;{&quot;value&quot;:{&quot;error&quot;:&quot;unknown error&quot;,&quot;message&quot;:&quot;unknown error: net::ERR_NAME_NOT_RESOLVED\\n  (...ff806f261d3 _pthread_start + 125\\n29  libsystem_pthread.dylib             0x00007ff806f21bd3 thread_start + 15\\n&quot;}}&#x27;}<br/><br/>    def check_response(self, response: Dict[str, Any]) -&gt; None:<br/>        &quot;&quot;&quot;Checks that a JSON response from the WebDriver does not have an<br/>        error.<br/>    <br/>        :Args:<br/>         - response - The JSON response from the WebDriver server as a dictionary<br/>           object.<br/>    <br/>        :Raises: If the response contains an error message.<br/>        &quot;&quot;&quot;<br/>        status = response.get(&quot;status&quot;, None)<br/>        if not status or status == ErrorCode.SUCCESS:<br/>            return<br/>        value = None<br/>        message = response.get(&quot;message&quot;, &quot;&quot;)<br/>        screen: str = response.get(&quot;screen&quot;, &quot;&quot;)<br/>        stacktrace = None<br/>        if isinstance(status, int):<br/>            value_json = response.get(&quot;value&quot;, None)<br/>            if value_json and isinstance(value_json, str):<br/>                import json<br/>    <br/>                try:<br/>                    value = json.loads(value_json)<br/>                    if len(value) == 1:<br/>                        value = value[&quot;value&quot;]<br/>                    status = value.get(&quot;error&quot;, None)<br/>                    if not status:<br/>                        status = value.get(&quot;status&quot;, ErrorCode.UNKNOWN_ERROR)<br/>                        message = value.get(&quot;value&quot;) or value.get(&quot;message&quot;)<br/>                        if not isinstance(message, str):<br/>                            value = message<br/>                            message = message.get(&quot;message&quot;)<br/>                    else:<br/>                        message = value.get(&quot;message&quot;, None)<br/>                except ValueError:<br/>                    pass<br/>    <br/>        exception_class: Type[WebDriverException]<br/>        e = ErrorCode()<br/>        error_codes = [item for item in dir(e) if not item.startswith(&quot;__&quot;)]<br/>        for error_code in error_codes:<br/>            error_info = getattr(ErrorCode, error_code)<br/>            if isinstance(error_info, list) and status in error_info:<br/>                exception_class = getattr(ExceptionMapping, error_code, WebDriverException)<br/>                break<br/>        else:<br/>            exception_class = WebDriverException<br/>    <br/>        if not value:<br/>            value = response[&quot;value&quot;]<br/>        if isinstance(value, str):<br/>            raise exception_class(value)<br/>        if message == &quot;&quot; and &quot;message&quot; in value:<br/>            message = value[&quot;message&quot;]<br/>    <br/>        screen = None  # type: ignore[assignment]<br/>        if &quot;screen&quot; in value:<br/>            screen = value[&quot;screen&quot;]<br/>    <br/>        stacktrace = None<br/>        st_value = value.get(&quot;stackTrace&quot;) or value.get(&quot;stacktrace&quot;)<br/>        if st_value:<br/>            if isinstance(st_value, str):<br/>                stacktrace = st_value.split(&quot;\n&quot;)<br/>            else:<br/>                stacktrace = []<br/>                try:<br/>                    for frame in st_value:<br/>                        line = frame.get(&quot;lineNumber&quot;, &quot;&quot;)<br/>                        file = frame.get(&quot;fileName&quot;, &quot;&lt;anonymous&gt;&quot;)<br/>                        if line:<br/>                            file = f&quot;{file}:{line}&quot;<br/>                        meth = frame.get(&quot;methodName&quot;, &quot;&lt;anonymous&gt;&quot;)<br/>                        if &quot;className&quot; in frame:<br/>                            meth = f&quot;{frame[&#x27;className&#x27;]}.{meth}&quot;<br/>                        msg = &quot;    at %s (%s)&quot;<br/>                        msg = msg % (meth, file)<br/>                        stacktrace.append(msg)<br/>                except TypeError:<br/>                    pass<br/>        if exception_class == UnexpectedAlertPresentException:<br/>            alert_text = None<br/>            if &quot;data&quot; in value:<br/>                alert_text = value[&quot;data&quot;].get(&quot;text&quot;)<br/>            elif &quot;alert&quot; in value:<br/>                alert_text = value[&quot;alert&quot;].get(&quot;text&quot;)<br/>            raise exception_class(message, screen, stacktrace, alert_text)  # type: ignore[call-arg]  # mypy is not smart enough here<br/>&gt;       raise exception_class(message, screen, stacktrace)<br/><span class="error">E       selenium.common.exceptions.WebDriverException: Message: unknown error: net::ERR_NAME_NOT_RESOLVED</span><br/><span class="error">E         (Session info: chrome=123.0.6312.105)</span><br/><span class="error">E       Stacktrace:</span><br/><span class="error">E       0   chromedriver                        0x00000001064c9128 chromedriver + 4596008</span><br/><span class="error">E       1   chromedriver                        0x00000001064c0e93 chromedriver + 4562579</span><br/><span class="error">E       2   chromedriver                        0x00000001060c439a chromedriver + 381850</span><br/><span class="error">E       3   chromedriver                        0x00000001060bcb51 chromedriver + 351057</span><br/><span class="error">E       4   chromedriver                        0x00000001060ae1d1 chromedriver + 291281</span><br/><span class="error">E       5   chromedriver                        0x00000001060af7a5 chromedriver + 296869</span><br/><span class="error">E       6   chromedriver                        0x00000001060ae47d chromedriver + 291965</span><br/><span class="error">E       7   chromedriver                        0x00000001060adec0 chromedriver + 290496</span><br/><span class="error">E       8   chromedriver                        0x00000001060add47 chromedriver + 290119</span><br/><span class="error">E       9   chromedriver                        0x00000001060ac089 chromedriver + 282761</span><br/><span class="error">E       10  chromedriver                        0x00000001060ac46a chromedriver + 283754</span><br/><span class="error">E       11  chromedriver                        0x00000001060c6dde chromedriver + 392670</span><br/><span class="error">E       12  chromedriver                        0x0000000106150ac5 chromedriver + 957125</span><br/><span class="error">E       13  chromedriver                        0x0000000106130142 chromedriver + 823618</span><br/><span class="error">E       14  chromedriver                        0x000000010615014d chromedriver + 954701</span><br/><span class="error">E       15  chromedriver                        0x000000010612fee3 chromedriver + 823011</span><br/><span class="error">E       16  chromedriver                        0x0000000106100be4 chromedriver + 629732</span><br/><span class="error">E       17  chromedriver                        0x000000010610179e chromedriver + 632734</span><br/><span class="error">E       18  chromedriver                        0x000000010648f042 chromedriver + 4358210</span><br/><span class="error">E       19  chromedriver                        0x0000000106493c8d chromedriver + 4377741</span><br/><span class="error">E       20  chromedriver                        0x0000000106493603 chromedriver + 4376067</span><br/><span class="error">E       21  chromedriver                        0x0000000106493f35 chromedriver + 4378421</span><br/><span class="error">E       22  chromedriver                        0x0000000106478a65 chromedriver + 4266597</span><br/><span class="error">E       23  chromedriver                        0x00000001064942bd chromedriver + 4379325</span><br/><span class="error">E       24  chromedriver                        0x000000010646b0b0 chromedriver + 4210864</span><br/><span class="error">E       25  chromedriver                        0x00000001064b1af8 chromedriver + 4500216</span><br/><span class="error">E       26  chromedriver                        0x00000001064b1c71 chromedriver + 4500593</span><br/><span class="error">E       27  chromedriver                        0x00000001064c0ad3 chromedriver + 4561619</span><br/><span class="error">E       28  libsystem_pthread.dylib             0x00007ff806f261d3 _pthread_start + 125</span><br/><span class="error">E       29  libsystem_pthread.dylib             0x00007ff806f21bd3 thread_start + 15</span><br/><br/>venv/lib/python3.11/site-packages/selenium/webdriver/remote/errorhandler.py:229: WebDriverException<br/> ------------------------------Captured stdout call------------------------------ <br/>running before each test
running after each test
<br/></div></td></tr></tbody>
      <tbody class="passed results-table-row">
        <tr>
          <td class="col-result">Passed</td>
          <td class="col-name">tests/test_shop.py::ShopTest::test_search_products</td>
          <td class="col-duration">16.46</td>
          <td class="col-links"></td></tr>
        <tr>
          <td class="extra" colspan="4">
            <div class="empty log">No log output captured.</div></td></tr></tbody>
      <tbody class="passed results-table-row">
        <tr>
          <td class="col-result">Passed</td>
          <td class="col-name">tests/test_upload.py::UploadTest::test_visible_upload</td>
          <td class="col-duration">5.50</td>
          <td class="col-links"></td></tr>
        <tr>
          <td class="extra" colspan="4">
            <div class="empty log">No log output captured.</div></td></tr></tbody></table></body></html>